{"/home/ryan/portfolio/src/data/resume.ts": {"path":"/home/ryan/portfolio/src/data/resume.ts","statementMap":{"0":{"start":{"line":1,"column":20},"end":{"line":1,"column":null}},"1":{"start":{"line":2,"column":21},"end":{"line":2,"column":null}},"2":{"start":{"line":4,"column":21},"end":{"line":15,"column":null}},"3":{"start":{"line":17,"column":48},"end":{"line":47,"column":null}},"4":{"start":{"line":49,"column":26},"end":{"line":107,"column":null}},"5":{"start":{"line":109,"column":25},"end":{"line":120,"column":null}},"6":{"start":{"line":122,"column":21},"end":{"line":125,"column":null}}},"fnMap":{},"branchMap":{},"s":{"0":1,"1":1,"2":1,"3":1,"4":1,"5":1,"6":1},"f":{},"b":{},"meta":{"lastBranch":0,"lastFunction":0,"lastStatement":7,"seen":{"s:1:20:1:Infinity":0,"s:2:21:2:Infinity":1,"s:4:21:15:Infinity":2,"s:17:48:47:Infinity":3,"s:49:26:107:Infinity":4,"s:109:25:120:Infinity":5,"s:122:21:125:Infinity":6}}}
}
